1 17612.661658 # relic density 
100 0.153252 # ~Chi01 ~chi01 -> d1 D1
101 0.153251 # ~Chi01 ~chi01 -> d2 D2
102 0.147456 # ~Chi01 ~chi01 -> d3 D3
103 0.120291 # ~Chi01 ~chi01 -> u1 U1
104 0.120131 # ~Chi01 ~chi01 -> u2 U2
105 0.067506 # ~Chi01 ~chi01 -> nu2 Nu2
106 0.067469 # ~Chi01 ~chi01 -> nu3 Nu3
107 0.067469 # ~Chi01 ~chi01 -> nu1 Nu1
108 0.034508 # ~Chi01 ~chi01 -> e1 E1
109 0.034507 # ~Chi01 ~chi01 -> e2 E2
110 0.034159 # ~Chi01 ~chi01 -> e3 E3
201 0.000000000004608 #
202 0.000000001087359 #
203 0.000000000197556 #
204 0.000000000831455 # 
301 0.000023 #
302 0.000054 #
303 0.000003 #
304 0.000051 #
